2026-02-09 22:59:14,586 - INFO - ====== WebDriver manager ======
2026-02-09 22:59:16,065 - INFO - Get LATEST chromedriver version for google-chrome
2026-02-09 22:59:16,983 - INFO - Get LATEST chromedriver version for google-chrome
2026-02-09 22:59:17,636 - INFO - Driver [C:\Users\USER\.wdm\drivers\chromedriver\win64\144.0.7559.133\chromedriver.exe] found in cache
2026-02-09 23:02:57,052 - INFO - ====== WebDriver manager ======
2026-02-09 23:02:58,611 - INFO - Get LATEST chromedriver version for google-chrome
2026-02-09 23:02:59,469 - INFO - Get LATEST chromedriver version for google-chrome
2026-02-09 23:03:00,493 - INFO - Driver [C:\Users\USER\.wdm\drivers\chromedriver\win64\144.0.7559.133\chromedriver.exe] found in cache
2026-02-09 23:12:36,571 - INFO - ====== WebDriver manager ======
2026-02-09 23:12:37,921 - INFO - Get LATEST chromedriver version for google-chrome
2026-02-09 23:12:38,650 - INFO - Get LATEST chromedriver version for google-chrome
2026-02-09 23:12:39,463 - INFO - Driver [C:\Users\USER\.wdm\drivers\chromedriver\win64\144.0.7559.133\chromedriver.exe] found in cache
2026-02-09 23:13:24,504 - ERROR - ERREUR GLOBALE : No module named 'AnciennePartieSTAR2024'
2026-02-09 23:14:50,355 - INFO - ====== WebDriver manager ======
2026-02-09 23:14:52,075 - INFO - Get LATEST chromedriver version for google-chrome
2026-02-09 23:14:52,731 - INFO - Get LATEST chromedriver version for google-chrome
2026-02-09 23:14:53,304 - INFO - Driver [C:\Users\USER\.wdm\drivers\chromedriver\win64\144.0.7559.133\chromedriver.exe] found in cache
2026-02-09 23:15:48,343 - ERROR - ERREUR GLOBALE : No module named 'hierarchy_detector_passif'
2026-02-09 23:23:35,532 - INFO - ====== WebDriver manager ======
2026-02-09 23:23:36,910 - INFO - Get LATEST chromedriver version for google-chrome
2026-02-09 23:23:37,761 - INFO - Get LATEST chromedriver version for google-chrome
2026-02-09 23:23:38,517 - INFO - Driver [C:\Users\USER\.wdm\drivers\chromedriver\win64\144.0.7559.133\chromedriver.exe] found in cache
2026-02-10 09:16:59,376 - INFO - ====== WebDriver manager ======
2026-02-10 09:17:01,467 - INFO - Get LATEST chromedriver version for google-chrome
2026-02-10 09:17:02,524 - INFO - Get LATEST chromedriver version for google-chrome
2026-02-10 09:17:03,209 - INFO - Get LATEST chromedriver version for google-chrome
2026-02-10 09:17:04,907 - INFO - WebDriver version 144.0.7559.133 selected
2026-02-10 09:17:04,915 - INFO - Modern chrome version https://storage.googleapis.com/chrome-for-testing-public/144.0.7559.133/win32/chromedriver-win32.zip
2026-02-10 09:17:04,916 - INFO - About to download new driver from https://storage.googleapis.com/chrome-for-testing-public/144.0.7559.133/win32/chromedriver-win32.zip
2026-02-10 09:17:05,870 - INFO - Driver downloading response is 200
2026-02-10 09:17:07,060 - INFO - Get LATEST chromedriver version for google-chrome
2026-02-10 09:17:08,001 - INFO - Driver has been saved in cache [C:\Users\USER\.wdm\drivers\chromedriver\win64\144.0.7559.133]
2026-02-10 09:52:42,317 - INFO - ====== WebDriver manager ======
2026-02-10 09:52:44,249 - INFO - Get LATEST chromedriver version for google-chrome
2026-02-10 09:52:45,040 - INFO - Get LATEST chromedriver version for google-chrome
2026-02-10 09:52:45,836 - INFO - Driver [C:\Users\USER\.wdm\drivers\chromedriver\win64\144.0.7559.133\chromedriver-win32/chromedriver.exe] found in cache
2026-02-10 09:54:42,211 - INFO - ====== WebDriver manager ======
2026-02-10 09:54:44,112 - INFO - Get LATEST chromedriver version for google-chrome
2026-02-10 09:54:44,825 - INFO - Get LATEST chromedriver version for google-chrome
2026-02-10 09:54:45,539 - INFO - Driver [C:\Users\USER\.wdm\drivers\chromedriver\win64\144.0.7559.133\chromedriver-win32/chromedriver.exe] found in cache
2026-02-10 10:37:31,431 - INFO - ====== WebDriver manager ======
2026-02-10 10:37:34,599 - INFO - Get LATEST chromedriver version for google-chrome
2026-02-10 10:37:35,499 - INFO - Get LATEST chromedriver version for google-chrome
2026-02-10 10:37:36,195 - INFO - Driver [C:\Users\USER\.wdm\drivers\chromedriver\win64\144.0.7559.133\chromedriver-win32/chromedriver.exe] found in cache
2026-02-10 10:46:12,553 - INFO - ====== WebDriver manager ======
2026-02-10 10:46:14,377 - INFO - Get LATEST chromedriver version for google-chrome
2026-02-10 10:46:15,128 - INFO - Get LATEST chromedriver version for google-chrome
2026-02-10 10:46:15,876 - INFO - Driver [C:\Users\USER\.wdm\drivers\chromedriver\win64\144.0.7559.133\chromedriver-win32/chromedriver.exe] found in cache
2026-02-10 11:08:46,419 - INFO - ====== WebDriver manager ======
2026-02-10 11:08:48,967 - INFO - Get LATEST chromedriver version for google-chrome
2026-02-10 11:08:49,494 - INFO - Get LATEST chromedriver version for google-chrome
2026-02-10 11:08:50,067 - INFO - Driver [C:\Users\USER\.wdm\drivers\chromedriver\win64\144.0.7559.133\chromedriver-win32/chromedriver.exe] found in cache
2026-02-10 11:24:10,114 - INFO - ====== WebDriver manager ======
2026-02-10 11:24:11,558 - INFO - Get LATEST chromedriver version for google-chrome
2026-02-10 11:24:12,220 - INFO - Get LATEST chromedriver version for google-chrome
2026-02-10 11:24:12,784 - INFO - Driver [C:\Users\USER\.wdm\drivers\chromedriver\win64\144.0.7559.133\chromedriver-win32/chromedriver.exe] found in cache
2026-02-10 11:34:03,939 - INFO - ====== WebDriver manager ======
2026-02-10 11:34:05,473 - INFO - Get LATEST chromedriver version for google-chrome
2026-02-10 11:34:06,138 - INFO - Get LATEST chromedriver version for google-chrome
2026-02-10 11:34:06,756 - INFO - Driver [C:\Users\USER\.wdm\drivers\chromedriver\win64\144.0.7559.133\chromedriver-win32/chromedriver.exe] found in cache
2026-02-10 11:36:28,423 - INFO - ====== WebDriver manager ======
2026-02-10 11:36:29,846 - INFO - Get LATEST chromedriver version for google-chrome
2026-02-10 11:36:30,523 - INFO - Get LATEST chromedriver version for google-chrome
2026-02-10 11:36:31,148 - INFO - Driver [C:\Users\USER\.wdm\drivers\chromedriver\win64\144.0.7559.133\chromedriver-win32/chromedriver.exe] found in cache
2026-02-10 11:46:06,618 - INFO - ====== WebDriver manager ======
2026-02-10 11:46:08,214 - INFO - Get LATEST chromedriver version for google-chrome
2026-02-10 11:46:08,708 - INFO - Get LATEST chromedriver version for google-chrome
2026-02-10 11:46:09,166 - INFO - Driver [C:\Users\USER\.wdm\drivers\chromedriver\win64\144.0.7559.133\chromedriver-win32/chromedriver.exe] found in cache
2026-02-10 11:54:33,632 - INFO - ====== WebDriver manager ======
2026-02-10 11:54:35,147 - INFO - Get LATEST chromedriver version for google-chrome
2026-02-10 11:54:35,862 - INFO - Get LATEST chromedriver version for google-chrome
2026-02-10 11:54:36,478 - INFO - Driver [C:\Users\USER\.wdm\drivers\chromedriver\win64\144.0.7559.133\chromedriver-win32/chromedriver.exe] found in cache
2026-02-10 11:56:42,399 - INFO - ====== WebDriver manager ======
2026-02-10 11:56:43,874 - INFO - Get LATEST chromedriver version for google-chrome
2026-02-10 11:56:44,338 - INFO - Get LATEST chromedriver version for google-chrome
2026-02-10 11:56:44,889 - INFO - Driver [C:\Users\USER\.wdm\drivers\chromedriver\win64\144.0.7559.133\chromedriver-win32/chromedriver.exe] found in cache
2026-02-10 11:57:28,531 - ERROR - Erreur insertion financial_data_capitaux_passifs : int too big to convert
2026-02-10 11:58:17,780 - INFO - ====== WebDriver manager ======
2026-02-10 11:58:19,113 - INFO - Get LATEST chromedriver version for google-chrome
2026-02-10 11:58:19,707 - INFO - Get LATEST chromedriver version for google-chrome
2026-02-10 11:58:20,326 - INFO - Driver [C:\Users\USER\.wdm\drivers\chromedriver\win64\144.0.7559.133\chromedriver-win32/chromedriver.exe] found in cache
2026-02-10 11:59:39,108 - INFO - ====== WebDriver manager ======
2026-02-10 11:59:40,586 - INFO - Get LATEST chromedriver version for google-chrome
2026-02-10 11:59:41,218 - INFO - Get LATEST chromedriver version for google-chrome
2026-02-10 11:59:41,835 - INFO - Driver [C:\Users\USER\.wdm\drivers\chromedriver\win64\144.0.7559.133\chromedriver-win32/chromedriver.exe] found in cache
2026-02-10 12:01:10,780 - INFO - ====== WebDriver manager ======
2026-02-10 12:01:12,205 - INFO - Get LATEST chromedriver version for google-chrome
2026-02-10 12:01:12,869 - INFO - Get LATEST chromedriver version for google-chrome
2026-02-10 12:01:13,587 - INFO - Driver [C:\Users\USER\.wdm\drivers\chromedriver\win64\144.0.7559.133\chromedriver-win32/chromedriver.exe] found in cache
2026-02-10 12:03:46,075 - INFO - ====== WebDriver manager ======
2026-02-10 12:03:47,509 - INFO - Get LATEST chromedriver version for google-chrome
2026-02-10 12:03:48,111 - INFO - Get LATEST chromedriver version for google-chrome
2026-02-10 12:03:48,719 - INFO - Driver [C:\Users\USER\.wdm\drivers\chromedriver\win64\144.0.7559.133\chromedriver-win32/chromedriver.exe] found in cache
2026-02-10 12:08:45,081 - INFO - ====== WebDriver manager ======
2026-02-10 12:08:46,493 - INFO - Get LATEST chromedriver version for google-chrome
2026-02-10 12:08:47,012 - INFO - Get LATEST chromedriver version for google-chrome
2026-02-10 12:08:47,600 - INFO - Driver [C:\Users\USER\.wdm\drivers\chromedriver\win64\144.0.7559.133\chromedriver-win32/chromedriver.exe] found in cache
2026-02-10 13:34:20,756 - INFO - ====== WebDriver manager ======
2026-02-10 13:34:21,796 - INFO - Get LATEST chromedriver version for google-chrome
2026-02-10 13:34:22,411 - INFO - Get LATEST chromedriver version for google-chrome
2026-02-10 13:34:22,917 - INFO - Driver [C:\Users\USER\.wdm\drivers\chromedriver\win64\144.0.7559.133\chromedriver-win32/chromedriver.exe] found in cache
2026-02-10 13:38:24,947 - INFO - ====== WebDriver manager ======
2026-02-10 13:38:26,487 - INFO - Get LATEST chromedriver version for google-chrome
2026-02-10 13:38:27,149 - INFO - Get LATEST chromedriver version for google-chrome
2026-02-10 13:38:27,761 - INFO - Driver [C:\Users\USER\.wdm\drivers\chromedriver\win64\144.0.7559.133\chromedriver-win32/chromedriver.exe] found in cache
2026-02-10 13:41:35,122 - INFO - ====== WebDriver manager ======
2026-02-10 13:41:36,485 - INFO - Get LATEST chromedriver version for google-chrome
2026-02-10 13:41:37,098 - INFO - Get LATEST chromedriver version for google-chrome
2026-02-10 13:41:37,819 - INFO - Driver [C:\Users\USER\.wdm\drivers\chromedriver\win64\144.0.7559.133\chromedriver-win32/chromedriver.exe] found in cache
2026-02-10 13:56:26,309 - INFO - ====== WebDriver manager ======
2026-02-10 13:56:27,736 - INFO - Get LATEST chromedriver version for google-chrome
2026-02-10 13:56:28,263 - INFO - Get LATEST chromedriver version for google-chrome
2026-02-10 13:56:28,820 - INFO - Driver [C:\Users\USER\.wdm\drivers\chromedriver\win64\144.0.7559.133\chromedriver-win32/chromedriver.exe] found in cache
2026-02-10 14:01:09,681 - INFO - ====== WebDriver manager ======
2026-02-10 14:01:11,126 - INFO - Get LATEST chromedriver version for google-chrome
2026-02-10 14:01:11,734 - INFO - Get LATEST chromedriver version for google-chrome
2026-02-10 14:01:12,322 - INFO - Driver [C:\Users\USER\.wdm\drivers\chromedriver\win64\144.0.7559.133\chromedriver-win32/chromedriver.exe] found in cache
2026-02-10 14:02:03,471 - ERROR - ERREUR GLOBALE : name 'company_name' is not defined
2026-02-10 14:04:44,923 - INFO - ====== WebDriver manager ======
2026-02-10 14:04:46,450 - INFO - Get LATEST chromedriver version for google-chrome
2026-02-10 14:04:47,078 - INFO - Get LATEST chromedriver version for google-chrome
2026-02-10 14:04:47,689 - INFO - Driver [C:\Users\USER\.wdm\drivers\chromedriver\win64\144.0.7559.133\chromedriver-win32/chromedriver.exe] found in cache
2026-02-10 14:05:39,206 - ERROR - ERREUR GLOBALE : name 'company_name' is not defined
2026-02-10 14:06:00,401 - INFO - ====== WebDriver manager ======
2026-02-10 14:06:02,024 - INFO - Get LATEST chromedriver version for google-chrome
2026-02-10 14:06:02,749 - INFO - Get LATEST chromedriver version for google-chrome
2026-02-10 14:06:03,466 - INFO - Driver [C:\Users\USER\.wdm\drivers\chromedriver\win64\144.0.7559.133\chromedriver-win32/chromedriver.exe] found in cache
2026-02-10 14:06:44,797 - ERROR - ERREUR GLOBALE : name 'pdf_path' is not defined
2026-02-10 14:08:53,103 - INFO - ====== WebDriver manager ======
2026-02-10 14:08:54,642 - INFO - Get LATEST chromedriver version for google-chrome
2026-02-10 14:08:55,618 - INFO - Get LATEST chromedriver version for google-chrome
2026-02-10 14:08:56,532 - INFO - Driver [C:\Users\USER\.wdm\drivers\chromedriver\win64\144.0.7559.133\chromedriver-win32/chromedriver.exe] found in cache
2026-02-10 16:56:22,329 - INFO - ====== WebDriver manager ======
2026-02-10 16:56:23,468 - INFO - Get LATEST chromedriver version for google-chrome
2026-02-10 16:56:23,970 - INFO - Get LATEST chromedriver version for google-chrome
2026-02-10 16:56:24,549 - INFO - Driver [C:\Users\USER\.wdm\drivers\chromedriver\win64\144.0.7559.133\chromedriver-win32/chromedriver.exe] found in cache
2026-02-10 17:09:16,174 - INFO - ====== WebDriver manager ======
2026-02-10 17:09:17,641 - INFO - Get LATEST chromedriver version for google-chrome
2026-02-10 17:09:18,301 - INFO - Get LATEST chromedriver version for google-chrome
2026-02-10 17:09:18,785 - INFO - Driver [C:\Users\USER\.wdm\drivers\chromedriver\win64\144.0.7559.133\chromedriver-win32/chromedriver.exe] found in cache
2026-02-10 17:10:03,459 - INFO - ====== WebDriver manager ======
2026-02-10 17:10:04,771 - INFO - Get LATEST chromedriver version for google-chrome
2026-02-10 17:10:05,352 - INFO - Get LATEST chromedriver version for google-chrome
2026-02-10 17:10:06,144 - INFO - Driver [C:\Users\USER\.wdm\drivers\chromedriver\win64\144.0.7559.133\chromedriver-win32/chromedriver.exe] found in cache
2026-02-10 17:21:39,801 - INFO - ====== WebDriver manager ======
2026-02-10 17:21:41,377 - INFO - Get LATEST chromedriver version for google-chrome
2026-02-10 17:21:42,331 - INFO - Get LATEST chromedriver version for google-chrome
2026-02-10 17:21:43,218 - INFO - Driver [C:\Users\USER\.wdm\drivers\chromedriver\win64\144.0.7559.133\chromedriver-win32/chromedriver.exe] found in cache
2026-02-10 17:23:37,305 - INFO - ====== WebDriver manager ======
2026-02-10 17:23:38,639 - INFO - Get LATEST chromedriver version for google-chrome
2026-02-10 17:23:39,434 - INFO - Get LATEST chromedriver version for google-chrome
2026-02-10 17:23:40,024 - INFO - Driver [C:\Users\USER\.wdm\drivers\chromedriver\win64\144.0.7559.133\chromedriver-win32/chromedriver.exe] found in cache
2026-02-10 17:28:32,649 - INFO - ====== WebDriver manager ======
2026-02-10 17:28:34,111 - INFO - Get LATEST chromedriver version for google-chrome
2026-02-10 17:28:35,826 - INFO - Get LATEST chromedriver version for google-chrome
2026-02-10 17:28:37,270 - INFO - Driver [C:\Users\USER\.wdm\drivers\chromedriver\win64\144.0.7559.133\chromedriver-win32/chromedriver.exe] found in cache
2026-02-10 17:37:36,285 - INFO - ====== WebDriver manager ======
2026-02-10 17:37:37,823 - INFO - Get LATEST chromedriver version for google-chrome
2026-02-10 17:37:38,574 - INFO - Get LATEST chromedriver version for google-chrome
2026-02-10 17:37:39,237 - INFO - Driver [C:\Users\USER\.wdm\drivers\chromedriver\win64\144.0.7559.133\chromedriver-win32/chromedriver.exe] found in cache
2026-02-10 17:44:29,556 - INFO - ====== WebDriver manager ======
2026-02-10 17:44:31,004 - INFO - Get LATEST chromedriver version for google-chrome
2026-02-10 17:44:31,555 - INFO - Get LATEST chromedriver version for google-chrome
2026-02-10 17:44:32,101 - INFO - Driver [C:\Users\USER\.wdm\drivers\chromedriver\win64\144.0.7559.133\chromedriver-win32/chromedriver.exe] found in cache
2026-02-10 17:52:14,026 - INFO - ====== WebDriver manager ======
2026-02-10 17:52:15,401 - INFO - Get LATEST chromedriver version for google-chrome
2026-02-10 17:52:16,106 - INFO - Get LATEST chromedriver version for google-chrome
2026-02-10 17:52:16,674 - INFO - Driver [C:\Users\USER\.wdm\drivers\chromedriver\win64\144.0.7559.133\chromedriver-win32/chromedriver.exe] found in cache
2026-02-10 17:53:18,367 - INFO - ====== WebDriver manager ======
2026-02-10 17:53:19,724 - INFO - Get LATEST chromedriver version for google-chrome
2026-02-10 17:53:20,717 - INFO - Get LATEST chromedriver version for google-chrome
2026-02-10 17:53:21,456 - INFO - Driver [C:\Users\USER\.wdm\drivers\chromedriver\win64\144.0.7559.133\chromedriver-win32/chromedriver.exe] found in cache
2026-02-10 18:03:58,961 - INFO - ====== WebDriver manager ======
2026-02-10 18:04:00,533 - INFO - Get LATEST chromedriver version for google-chrome
2026-02-10 18:04:01,428 - INFO - Get LATEST chromedriver version for google-chrome
2026-02-10 18:04:02,164 - INFO - Driver [C:\Users\USER\.wdm\drivers\chromedriver\win64\144.0.7559.133\chromedriver-win32/chromedriver.exe] found in cache
2026-02-10 18:05:23,151 - INFO - ====== WebDriver manager ======
2026-02-10 18:05:24,563 - INFO - Get LATEST chromedriver version for google-chrome
2026-02-10 18:05:25,201 - INFO - Get LATEST chromedriver version for google-chrome
2026-02-10 18:05:25,925 - INFO - Driver [C:\Users\USER\.wdm\drivers\chromedriver\win64\144.0.7559.133\chromedriver-win32/chromedriver.exe] found in cache
2026-02-10 18:07:09,996 - INFO - ====== WebDriver manager ======
2026-02-10 18:07:11,324 - INFO - Get LATEST chromedriver version for google-chrome
2026-02-10 18:07:12,403 - INFO - Get LATEST chromedriver version for google-chrome
2026-02-10 18:07:13,123 - INFO - Driver [C:\Users\USER\.wdm\drivers\chromedriver\win64\144.0.7559.133\chromedriver-win32/chromedriver.exe] found in cache
2026-02-10 18:13:47,064 - INFO - ====== WebDriver manager ======
2026-02-10 18:13:48,476 - INFO - Get LATEST chromedriver version for google-chrome
2026-02-10 18:13:49,306 - INFO - Get LATEST chromedriver version for google-chrome
2026-02-10 18:13:50,021 - INFO - Driver [C:\Users\USER\.wdm\drivers\chromedriver\win64\144.0.7559.133\chromedriver-win32/chromedriver.exe] found in cache
2026-02-11 08:59:08,847 - INFO - ====== WebDriver manager ======
2026-02-11 08:59:09,849 - INFO - Get LATEST chromedriver version for google-chrome
2026-02-11 08:59:10,547 - INFO - Get LATEST chromedriver version for google-chrome
2026-02-11 08:59:11,045 - INFO - Driver [C:\Users\USER\.wdm\drivers\chromedriver\win64\144.0.7559.133\chromedriver-win32/chromedriver.exe] found in cache
2026-02-11 09:03:57,173 - INFO - ====== WebDriver manager ======
2026-02-11 09:03:58,632 - INFO - Get LATEST chromedriver version for google-chrome
2026-02-11 09:03:59,313 - INFO - Get LATEST chromedriver version for google-chrome
2026-02-11 09:03:59,817 - INFO - Driver [C:\Users\USER\.wdm\drivers\chromedriver\win64\144.0.7559.133\chromedriver-win32/chromedriver.exe] found in cache
2026-02-11 09:11:07,003 - INFO - ====== WebDriver manager ======
2026-02-11 09:11:07,912 - INFO - Get LATEST chromedriver version for google-chrome
2026-02-11 09:11:08,467 - INFO - Get LATEST chromedriver version for google-chrome
2026-02-11 09:11:08,977 - INFO - Driver [C:\Users\USER\.wdm\drivers\chromedriver\win64\144.0.7559.133\chromedriver-win32/chromedriver.exe] found in cache
2026-02-11 09:22:12,354 - INFO - ====== WebDriver manager ======
2026-02-11 09:22:13,230 - INFO - Get LATEST chromedriver version for google-chrome
2026-02-11 09:22:13,644 - INFO - Get LATEST chromedriver version for google-chrome
2026-02-11 09:22:14,001 - INFO - Driver [C:\Users\USER\.wdm\drivers\chromedriver\win64\144.0.7559.133\chromedriver-win32/chromedriver.exe] found in cache
2026-02-11 10:48:12,378 - INFO - ====== WebDriver manager ======
2026-02-11 10:48:13,767 - INFO - Get LATEST chromedriver version for google-chrome
2026-02-11 10:48:14,441 - INFO - Get LATEST chromedriver version for google-chrome
2026-02-11 10:48:14,957 - INFO - Driver [C:\Users\USER\.wdm\drivers\chromedriver\win64\144.0.7559.133\chromedriver-win32/chromedriver.exe] found in cache
